[W 14:52:15.407 NotebookApp] Error loading server extension jupyter_nbextensions_configurator
    Traceback (most recent call last):
      File "C:\Users\prashant.anuragi\AppData\Local\Programs\Python\Python310\lib\site-packages\notebook\notebookapp.py", line 2025, in init_server_extensions
        mod = importlib.import_module(modulename)
      File "C:\Users\prashant.anuragi\AppData\Local\Programs\Python\Python310\lib\importlib\__init__.py", line 126, in import_module
        return _bootstrap._gcd_import(name[level:], package, level)
      File "<frozen importlib._bootstrap>", line 1050, in _gcd_import
      File "<frozen importlib._bootstrap>", line 1027, in _find_and_load
      File "<frozen importlib._bootstrap>", line 1004, in _find_and_load_unlocked
    ModuleNotFoundError: No module named 'jupyter_nbextensions_configurator'
[I 14:52:15.496 NotebookApp] Serving notebooks from local directory: \\wsl.localhost\Ubuntu\home\prashantanuragi\TAMLEP\assignment_1_2\mle-training
[I 14:52:15.496 NotebookApp] Jupyter Notebook 6.4.12 is running at:
[I 14:52:15.496 NotebookApp] http://localhost:8888/?token=03dba4e4afaeba404bb8f6b5614ea452b0b3bbb1ed93d940
[I 14:52:15.496 NotebookApp]  or http://127.0.0.1:8888/?token=03dba4e4afaeba404bb8f6b5614ea452b0b3bbb1ed93d940
[I 14:52:15.496 NotebookApp] Use Control-C to stop this server and shut down all kernels (twice to skip confirmation).
[C 14:52:15.662 NotebookApp] 
    
    To access the notebook, open this file in a browser:
        file:///C:/Users/prashant.anuragi/AppData/Roaming/jupyter/runtime/nbserver-17792-open.html
    Or copy and paste one of these URLs:
        http://localhost:8888/?token=03dba4e4afaeba404bb8f6b5614ea452b0b3bbb1ed93d940
     or http://127.0.0.1:8888/?token=03dba4e4afaeba404bb8f6b5614ea452b0b3bbb1ed93d940
[W 14:52:21.010 NotebookApp] 404 GET /nbextensions/nbextensions_configurator/tree_tab/main.js?v=20230605145214 (::1) 24.380000ms referer=http://localhost:8888/tree
[I 16:19:25.642 NotebookApp] Saving file at /nonstandardcode.py
[I 16:20:10.862 NotebookApp] Saving file at /nonstandardcode.py
[I 16:21:55.188 NotebookApp] Saving file at /nonstandardcode.py
[I 16:22:09.615 NotebookApp] Saving file at /nonstandardcode.py
[I 16:22:21.149 NotebookApp] Saving file at /nonstandardcode.py
[I 16:22:28.804 NotebookApp] Saving file at /nonstandardcode.py
[I 16:22:55.101 NotebookApp] Saving file at /nonstandardcode.py
[I 16:23:14.562 NotebookApp] Saving file at /nonstandardcode.py
[I 16:23:20.020 NotebookApp] Saving file at /nonstandardcode.py
[I 16:23:24.714 NotebookApp] Saving file at /nonstandardcode.py
[W 16:50:26.005 NotebookApp] 403 POST /api/shutdown (::1): '_xsrf' argument missing from POST
[W 16:50:26.007 NotebookApp] 403 POST /api/shutdown (::1) 3.000000ms referer=None
[I 16:50:41.835 NotebookApp] 302 GET / (127.0.0.1) 1.100000ms
[I 16:50:41.846 NotebookApp] 302 GET /tree? (127.0.0.1) 2.010000ms
